<?xml version="1.0" encoding="UTF-8"?>
<testng-results skipped="0" failed="0" ignored="0" total="4" passed="4">
  <reporter-output>
  </reporter-output>
  <suite name="Default suite" duration-ms="358" started-at="2017-12-17T11:43:21Z" finished-at="2017-12-17T11:43:22Z">
    <groups>
      <group name="groupe1">
        <method signature="CalculetteTest.add()[pri:0, instance:CalculetteTest@24a67]" name="add" class="CalculetteTest"/>
        <method signature="CalculetteTest.soustaire()[pri:0, instance:CalculetteTest@24a67]" name="soustaire" class="CalculetteTest"/>
      </group> <!-- groupe1 -->
    </groups>
    <test name="Default test" duration-ms="358" started-at="2017-12-17T11:43:21Z" finished-at="2017-12-17T11:43:22Z">
      <class name="CalculetteTest">
        <test-method status="PASS" signature="add()[pri:0, instance:CalculetteTest@24a67]" name="add" duration-ms="107" started-at="2017-12-17T11:43:22Z" finished-at="2017-12-17T11:43:22Z">
          <reporter-output>
          </reporter-output>
        </test-method> <!-- add -->
        <test-method status="PASS" signature="division()[pri:0, instance:CalculetteTest@24a67]" name="division" duration-ms="4" started-at="2017-12-17T11:43:22Z" finished-at="2017-12-17T11:43:22Z">
          <reporter-output>
          </reporter-output>
        </test-method> <!-- division -->
        <test-method status="PASS" signature="multiply()[pri:0, instance:CalculetteTest@24a67]" name="multiply" duration-ms="10" started-at="2017-12-17T11:43:22Z" finished-at="2017-12-17T11:43:22Z">
          <reporter-output>
          </reporter-output>
        </test-method> <!-- multiply -->
        <test-method status="PASS" signature="soustaire()[pri:0, instance:CalculetteTest@24a67]" name="soustaire" duration-ms="23" started-at="2017-12-17T11:43:22Z" finished-at="2017-12-17T11:43:22Z">
          <reporter-output>
          </reporter-output>
        </test-method> <!-- soustaire -->
      </class> <!-- CalculetteTest -->
    </test> <!-- Default test -->
  </suite> <!-- Default suite -->
</testng-results>
