<?xml version="1.0" encoding="UTF-8"?>
<!-- Generated by org.testng.reporters.JUnitXMLReporter -->
<testsuite hostname="may-PC" ignored="0" tests="4" failures="0" timestamp="17 déc. 2017 11:43:22 GMT" time="0.358" errors="0">
  <testcase name="add" time="0.107" classname="CalculetteTest"/>
  <testcase name="division" time="0.004" classname="CalculetteTest"/>
  <testcase name="multiply" time="0.01" classname="CalculetteTest"/>
  <testcase name="soustaire" time="0.023" classname="CalculetteTest"/>
</testsuite>
