<?xml version="1.0" encoding="UTF-8"?>
<!-- Generated by org.testng.reporters.JUnitReportReporter -->
<testsuite skipped="0" hostname="may-PC" name="CalculetteTest" tests="4" failures="0" timestamp="17 déc. 2017 11:43:23 GMT" time="0.144" errors="0">
  <testcase name="multiply" time="0.010" classname="CalculetteTest"/>
  <testcase name="add" time="0.107" classname="CalculetteTest"/>
  <testcase name="soustaire" time="0.023" classname="CalculetteTest"/>
  <testcase name="division" time="0.004" classname="CalculetteTest"/>
</testsuite> <!-- CalculetteTest -->
