<?xml version="1.0" encoding="UTF-8"?>
<!-- Generated by org.testng.reporters.JUnitXMLReporter -->
<testsuite hostname="may-PC" ignored="2" tests="2" failures="0" timestamp="16 déc. 2017 12:39:07 GMT" time="0.113" errors="0">
  <testcase name="add" time="0.039" classname="CalculetteTest"/>
  <testcase name="soustaire" time="0.003" classname="CalculetteTest"/>
  <testcase name="multiply" time="0.0" classname="CalculetteTest">
    <ignored/>
  </testcase> <!-- multiply -->
  <testcase name="division" time="0.0" classname="CalculetteTest">
    <ignored/>
  </testcase> <!-- division -->
</testsuite>
